#
# A fatal error has been detected by the Java Runtime Environment:
#
#  EXCEPTION_ACCESS_VIOLATION (0xc0000005) at pc=0x0000000002724979, pid=4952, tid=0x0000000000001164
#
# JRE version: Java(TM) SE Runtime Environment (8.0_211-b12) (build 1.8.0_211-b12)
# Java VM: Java HotSpot(TM) 64-Bit Server VM (25.211-b12 mixed mode windows-amd64 compressed oops)
# Problematic frame:
# j  java.lang.String.valueOf(Ljava/lang/Object;)Ljava/lang/String;+10
#
# Failed to write core dump. Minidumps are not enabled by default on client versions of Windows
#
# If you would like to submit a bug report, please visit:
#   http://bugreport.java.com/bugreport/crash.jsp
#

---------------  T H R E A D  ---------------

Current thread (0x000000000057a000):  JavaThread "main" [_thread_in_Java, id=4452, stack(0x0000000001e70000,0x0000000001f70000)]

siginfo: ExceptionCode=0xc0000005, reading address 0x00000000cea0b768

Registers:
RAX=0x0000000000000000, RBX=0x0000000000000002, RCX=0x00000000cea0b760, RDX=0x0000000080000001
RSP=0x0000000001f6ef90, RBP=0x0000000001f6efe0, RSI=0x0000000000000002, RDI=0x00000000e0a9cea0
R8 =0x00000000cea0b760, R9 =0x0000000000000010, R10=0x00000000713c76a0, R11=0x0000000002804198
R12=0x0000000000000000, R13=0x000000005593710a, R14=0x0000000001f6eff0, R15=0x000000000057a000
RIP=0x0000000002724979, EFLAGS=0x0000000000010246

Top of Stack: (sp=0x0000000001f6ef90)
0x0000000001f6ef90:   00000000026f8160 00000000cea0b760
0x0000000001f6efa0:   0000000001f6efa0 000000005593710a
0x0000000001f6efb0:   0000000001f6eff0 00000000559e1a48
0x0000000001f6efc0:   0000000000000000 0000000055937118
0x0000000001f6efd0:   0000000000000000 0000000001f6eff0
0x0000000001f6efe0:   0000000001f6f038 00000000026f8160
0x0000000001f6eff0:   00000000cea0b760 0000000001f6eff8
0x0000000001f6f000:   0000000055a90591 0000000001f6f068
0x0000000001f6f010:   0000000055a91668 0000000000000000
0x0000000001f6f020:   0000000055a905d0 0000000001f6eff0
0x0000000001f6f030:   0000000001f6f060 0000000001f6f0b0
0x0000000001f6f040:   00000000026f83d1 0000000000000000
0x0000000001f6f050:   0000000000000000 0000000000000000
0x0000000001f6f060:   00000000cea0b760 00000000e07dd3a0
0x0000000001f6f070:   0000000001f6f070 0000000055d40745
0x0000000001f6f080:   0000000001f6f130 0000000055d408d8 

Instructions: (pc=0x0000000002724979)
0x0000000002724959:   49 03 c5 48 89 45 e0 4c 8d 6c 24 08 4c 89 6d f0
0x0000000002724969:   41 80 bf 98 03 00 00 00 74 03 ff 63 30 ff 63 50
0x0000000002724979:   8b 41 08 4c 8b 75 e0 4d 85 f6 0f 84 95 00 00 00
0x0000000002724989:   49 8b 56 10 48 3b d0 0f 85 0f 00 00 00 49 83 46 


Register to memory mapping:

RAX=0x0000000000000000 is an unknown value
RBX=0x0000000000000002 is an unknown value
RCX=0x00000000cea0b760 is an unallocated location in the heap
RDX=0x0000000080000001 is an unknown value
RSP=0x0000000001f6ef90 is pointing into the stack for thread: 0x000000000057a000
RBP=0x0000000001f6efe0 is pointing into the stack for thread: 0x000000000057a000
RSI=0x0000000000000002 is an unknown value
RDI=0x00000000e0a9cea0 is an oop
java.lang.String 
 - klass: 'java/lang/String'
R8 =0x00000000cea0b760 is an unallocated location in the heap
R9 =0x0000000000000010 is an unknown value
R10=0x00000000713c76a0 is an unknown value
R11=0x0000000002804198 is at entry_point+24 in (nmethod*)0x0000000002804010
R12=0x0000000000000000 is an unknown value
R13=0x000000005593710a is pointing into metadata
R14=0x0000000001f6eff0 is pointing into the stack for thread: 0x000000000057a000
R15=0x000000000057a000 is a thread


Stack: [0x0000000001e70000,0x0000000001f70000],  sp=0x0000000001f6ef90,  free space=1019k
Native frames: (J=compiled Java code, j=interpreted, Vv=VM code, C=native code)
C  0x0000000002724979


---------------  P R O C E S S  ---------------

Java Threads: ( => current thread )
  0x000000005794b800 JavaThread "Service Thread" daemon [_thread_blocked, id=4624, stack(0x0000000058390000,0x0000000058490000)]
  0x000000005793a800 JavaThread "C1 CompilerThread2" daemon [_thread_blocked, id=3732, stack(0x00000000585d0000,0x00000000586d0000)]
  0x00000000578ea800 JavaThread "C2 CompilerThread1" daemon [_thread_blocked, id=3416, stack(0x00000000584c0000,0x00000000585c0000)]
  0x00000000578e3000 JavaThread "C2 CompilerThread0" daemon [_thread_blocked, id=464, stack(0x0000000058100000,0x0000000058200000)]
  0x000000005785f800 JavaThread "JDWP Event Helper Thread" daemon [_thread_blocked, id=4156, stack(0x0000000057fb0000,0x00000000580b0000)]
  0x000000005783b800 JavaThread "Attach Listener" daemon [_thread_blocked, id=3420, stack(0x0000000057e80000,0x0000000057f80000)]
  0x000000005783a800 JavaThread "Signal Dispatcher" daemon [_thread_blocked, id=3292, stack(0x0000000057cc0000,0x0000000057dc0000)]
  0x000000005630b800 JavaThread "Finalizer" daemon [_thread_blocked, id=2060, stack(0x0000000057730000,0x0000000057830000)]
  0x0000000056304000 JavaThread "Reference Handler" daemon [_thread_blocked, id=3000, stack(0x0000000057450000,0x0000000057550000)]
=>0x000000000057a000 JavaThread "main" [_thread_in_Java, id=4452, stack(0x0000000001e70000,0x0000000001f70000)]

Other Threads:
  0x00000000562bc800 VMThread [stack: 0x00000000572e0000,0x00000000573e0000] [id=5012]
  0x0000000057959800 WatcherThread [stack: 0x0000000058710000,0x0000000058810000] [id=3952]

VM state:not at safepoint (normal execution)

VM Mutex/Monitor currently owned by a thread: None

heap address: 0x00000000a1600000, size: 1514 MB, Compressed Oops mode: 32-bit
Narrow klass base: 0x0000000000000000, Narrow klass shift: 0
Compressed class space size: 1073741824 Address: 0x0000000015930000

Heap:
 PSYoungGen      total 28672K, used 3484K [0x00000000e0780000, 0x00000000e2780000, 0x0000000100000000)
  eden space 24576K, 14% used [0x00000000e0780000,0x00000000e0ae7228,0x00000000e1f80000)
  from space 4096K, 0% used [0x00000000e2380000,0x00000000e2380000,0x00000000e2780000)
  to   space 4096K, 0% used [0x00000000e1f80000,0x00000000e1f80000,0x00000000e2380000)
 ParOldGen       total 65536K, used 0K [0x00000000a1600000, 0x00000000a5600000, 0x00000000e0780000)
  object space 65536K, 0% used [0x00000000a1600000,0x00000000a1600000,0x00000000a5600000)
 Metaspace       used 3247K, capacity 4620K, committed 4864K, reserved 1056768K
  class space    used 352K, capacity 392K, committed 512K, reserved 1048576K

Card table byte_map: [0x0000000011ab0000,0x0000000011db0000] byte_map_base: 0x00000000115a5000

Marking Bits: (ParMarkBitMap*) 0x00000000713e5ce0
 Begin Bits: [0x00000000126e0000, 0x0000000013e88000)
 End Bits:   [0x0000000013e88000, 0x0000000015630000)

Polling page: 0x0000000000340000

CodeCache: size=245760Kb used=1136Kb max_used=1137Kb free=244623Kb
 bounds [0x00000000026f0000, 0x0000000002960000, 0x00000000116f0000]
 total_blobs=284 nmethods=40 adapters=165
 compilation: enabled

Compilation events (10 events):
Event: 0.642 Thread 0x000000005793a800   34       3       java.lang.System::getSecurityManager (4 bytes)
Event: 0.642 Thread 0x000000005793a800 nmethod 34 0x0000000002808e50 code [0x0000000002808fa0, 0x00000000028090d0]
Event: 0.642 Thread 0x000000005793a800   35       3       java.nio.Buffer::position (43 bytes)
Event: 0.643 Thread 0x000000005793a800 nmethod 35 0x0000000002808850 code [0x00000000028089c0, 0x0000000002808c88]
Event: 0.643 Thread 0x000000005793a800   36       1       java.lang.reflect.Field::getName (5 bytes)
Event: 0.643 Thread 0x000000005793a800 nmethod 36 0x000000000280ce10 code [0x000000000280cf60, 0x000000000280d070]
Event: 2.645 Thread 0x000000005793a800   37       3       java.util.HashMap::get (23 bytes)
Event: 2.646 Thread 0x000000005793a800 nmethod 37 0x000000000280c710 code [0x000000000280c8a0, 0x000000000280ccb8]
Event: 2.646 Thread 0x000000005793a800   38       3       java.lang.String::indexOf (166 bytes)
Event: 2.647 Thread 0x000000005793a800 nmethod 38 0x000000000280bb10 code [0x000000000280bcc0, 0x000000000280c310]

GC Heap History (0 events):
No events

Deoptimization events (0 events):
No events

Classes redefined (0 events):
No events

Internal exceptions (2 events):
Event: 0.070 Thread 0x000000000057a000 Exception <a 'java/lang/NoSuchMethodError': Method sun.misc.Unsafe.defineClass(Ljava/lang/String;[BII)Ljava/lang/Class; name or signature does not match> (0x00000000e0787cb0) thrown at [C:\re\workspace\8-2-build-windows-amd64-cygwin\jdk8u211\12973\hotspot
Event: 0.070 Thread 0x000000000057a000 Exception <a 'java/lang/NoSuchMethodError': Method sun.misc.Unsafe.prefetchRead(Ljava/lang/Object;J)V name or signature does not match> (0x00000000e0787f98) thrown at [C:\re\workspace\8-2-build-windows-amd64-cygwin\jdk8u211\12973\hotspot\src\share\vm\prim

Events (10 events):
Event: 13.156 Executing VM operation: ChangeBreakpoints done
Event: 13.156 Executing VM operation: ChangeBreakpoints
Event: 13.156 Executing VM operation: ChangeBreakpoints done
Event: 13.156 Executing VM operation: ChangeBreakpoints
Event: 13.156 Executing VM operation: ChangeBreakpoints done
Event: 13.156 Executing VM operation: ChangeBreakpoints
Event: 13.156 Executing VM operation: ChangeBreakpoints done
Event: 13.156 Executing VM operation: ChangeBreakpoints
Event: 13.156 Executing VM operation: ChangeBreakpoints done
Event: 13.157 Thread 0x0000000057854800 Thread exited: 0x0000000057854800


Dynamic libraries:
0x000000013f430000 - 0x000000013f467000 	C:\Program Files\Java\jdk1.8.0_211\bin\java.exe
0x0000000077950000 - 0x0000000077aef000 	C:\Windows\SYSTEM32\ntdll.dll
0x0000000077830000 - 0x000000007794f000 	C:\Windows\system32\kernel32.dll
0x000007fefd570000 - 0x000007fefd5d7000 	C:\Windows\system32\KERNELBASE.dll
0x000007feff520000 - 0x000007feff5fb000 	C:\Windows\system32\ADVAPI32.DLL
0x000007feff030000 - 0x000007feff0cf000 	C:\Windows\system32\msvcrt.dll
0x000007feff3b0000 - 0x000007feff3cf000 	C:\Windows\SYSTEM32\sechost.dll
0x000007feff600000 - 0x000007feff72c000 	C:\Windows\system32\RPCRT4.dll
0x0000000077730000 - 0x000000007782a000 	C:\Windows\system32\USER32.dll
0x000007feff0d0000 - 0x000007feff137000 	C:\Windows\system32\GDI32.dll
0x000007feffb10000 - 0x000007feffb1e000 	C:\Windows\system32\LPK.dll
0x000007fefeee0000 - 0x000007fefefab000 	C:\Windows\system32\USP10.dll
0x000007fefbac0000 - 0x000007fefbcb5000 	C:\Windows\WinSxS\amd64_microsoft.windows.common-controls_6595b64144ccf1df_6.0.7601.24460_none_e3711c5330fd38b4\COMCTL32.dll
0x000007feffbc0000 - 0x000007feffc31000 	C:\Windows\system32\SHLWAPI.dll
0x000007feff4f0000 - 0x000007feff51e000 	C:\Windows\system32\IMM32.DLL
0x000007feff3d0000 - 0x000007feff4d9000 	C:\Windows\system32\MSCTF.dll
0x00000000750f0000 - 0x00000000751c2000 	C:\Program Files\Java\jdk1.8.0_211\jre\bin\msvcr100.dll
0x0000000070bc0000 - 0x0000000071465000 	C:\Program Files\Java\jdk1.8.0_211\jre\bin\server\jvm.dll
0x000007fef50e0000 - 0x000007fef50e9000 	C:\Windows\system32\WSOCK32.dll
0x000007fefde30000 - 0x000007fefde7d000 	C:\Windows\system32\WS2_32.dll
0x000007feff4e0000 - 0x000007feff4e8000 	C:\Windows\system32\NSI.dll
0x000007fefac40000 - 0x000007fefac7b000 	C:\Windows\system32\WINMM.dll
0x000007fefc550000 - 0x000007fefc55c000 	C:\Windows\system32\VERSION.dll
0x0000000077af0000 - 0x0000000077af7000 	C:\Windows\system32\PSAPI.DLL
0x000007fef8310000 - 0x000007fef831f000 	C:\Program Files\Java\jdk1.8.0_211\jre\bin\verify.dll
0x000007fef53c0000 - 0x000007fef53e9000 	C:\Program Files\Java\jdk1.8.0_211\jre\bin\java.dll
0x000007fef7630000 - 0x000007fef7665000 	C:\Program Files\Java\jdk1.8.0_211\jre\bin\jdwp.dll
0x000007fefbab0000 - 0x000007fefbab8000 	C:\Program Files\Java\jdk1.8.0_211\jre\bin\npt.dll
0x000007fef7600000 - 0x000007fef7623000 	C:\Program Files\Java\jdk1.8.0_211\jre\bin\instrument.dll
0x000007fef2cb0000 - 0x000007fef2cc6000 	C:\Program Files\Java\jdk1.8.0_211\jre\bin\zip.dll
0x000007fefde80000 - 0x000007fefec0b000 	C:\Windows\system32\SHELL32.dll
0x000007feff910000 - 0x000007feffb0f000 	C:\Windows\system32\ole32.dll
0x000007fefd4b0000 - 0x000007fefd4bf000 	C:\Windows\system32\profapi.dll
0x000007fefba90000 - 0x000007fefba99000 	C:\Program Files\Java\jdk1.8.0_211\jre\bin\dt_socket.dll
0x000007fefcb40000 - 0x000007fefcb95000 	C:\Windows\system32\mswsock.dll
0x000007fefc620000 - 0x000007fefc627000 	C:\Windows\System32\wshtcpip.dll
0x000007fef7810000 - 0x000007fef7935000 	C:\Windows\system32\dbghelp.dll

VM Arguments:
jvm_args: -agentlib:jdwp=transport=dt_socket,address=127.0.0.1:49982,suspend=y,server=n -javaagent:C:\Users\Administrator.BY-201906202342\.IntelliJIdea2019.3\system\captureAgent\debugger-agent.jar -Dfile.encoding=UTF-8 
java_command: com.company.thread1.Demo1
java_class_path (initial): C:\Program Files\Java\jdk1.8.0_211\jre\lib\charsets.jar;C:\Program Files\Java\jdk1.8.0_211\jre\lib\deploy.jar;C:\Program Files\Java\jdk1.8.0_211\jre\lib\ext\access-bridge-64.jar;C:\Program Files\Java\jdk1.8.0_211\jre\lib\ext\cldrdata.jar;C:\Program Files\Java\jdk1.8.0_211\jre\lib\ext\dnsns.jar;C:\Program Files\Java\jdk1.8.0_211\jre\lib\ext\jaccess.jar;C:\Program Files\Java\jdk1.8.0_211\jre\lib\ext\jfxrt.jar;C:\Program Files\Java\jdk1.8.0_211\jre\lib\ext\localedata.jar;C:\Program Files\Java\jdk1.8.0_211\jre\lib\ext\nashorn.jar;C:\Program Files\Java\jdk1.8.0_211\jre\lib\ext\sunec.jar;C:\Program Files\Java\jdk1.8.0_211\jre\lib\ext\sunjce_provider.jar;C:\Program Files\Java\jdk1.8.0_211\jre\lib\ext\sunmscapi.jar;C:\Program Files\Java\jdk1.8.0_211\jre\lib\ext\sunpkcs11.jar;C:\Program Files\Java\jdk1.8.0_211\jre\lib\ext\zipfs.jar;C:\Program Files\Java\jdk1.8.0_211\jre\lib\javaws.jar;C:\Program Files\Java\jdk1.8.0_211\jre\lib\jce.jar;C:\Program Files\Java\jdk1.8.0_211\jre\lib\jfr.jar;C:\Program Files\Java\jdk1.8.0_211\jre\lib\jfxswt.jar;C:\Program Files\Java\jdk1.8.0_211\jre\lib\jsse.jar;C:\Program Files\Java\jdk1.8.0_211\jre\lib\management-agent.jar;C:\Program Files\Java\jdk1.8.0_211\jre\lib\plugin.jar;C:\Program Files\Java\jdk1.8.0_211\jre\lib\resources.jar;C:\Program Files\Java\jdk1.8.0_211\jre\lib\rt.jar;D:\java基础复习\java-thread\out\production\java-thread;D:\ideas\IntelliJ IDEA 2019.3.4\lib\idea_rt.jar;C:\Users\Administrator.BY-201906202342\.IntelliJIdea2019.3\system\captureAgent\debugger-agent.jar
Launcher Type: SUN_STANDARD

Environment Variables:
JAVA_HOME=C:\Program Files\Java\jdk1.8.0_211
PATH=C:\Program Files (x86)\AMD APP\bin\x86_64;C:\Program Files (x86)\AMD APP\bin\x86;C:\Program Files (x86)\Common Files\Oracle\Java\javapath;C:\Windows\system32;C:\Windows;C:\Windows\System32\Wbem;C:\Windows\System32\WindowsPowerShell\v1.0\;C:\Program Files\Java\jdk1.8.0_211\bin;C:\Program Files\Git\cmd;C:\Program Files\MySQL\MySQL Server 5.7\bin;D:\APP\gradle-4.6\bin;
USERNAME=Administrator
OS=Windows_NT
PROCESSOR_IDENTIFIER=Intel64 Family 6 Model 42 Stepping 7, GenuineIntel



---------------  S Y S T E M  ---------------

OS: Windows 7 , 64 bit Build 7601 (6.1.7601.24524)

CPU:total 4 (initial active 4) (2 cores per cpu, 2 threads per core) family 6 model 42 stepping 7, cmov, cx8, fxsr, mmx, sse, sse2, sse3, ssse3, sse4.1, sse4.2, popcnt, avx, clmul, ht, tsc, tscinvbit

Memory: 4k page, physical 6200560k(2533864k free), swap 12399220k(8394812k free)

vm_info: Java HotSpot(TM) 64-Bit Server VM (25.211-b12) for windows-amd64 JRE (1.8.0_211-b12), built on Apr  1 2019 20:53:26 by "java_re" with MS VC++ 10.0 (VS2010)

time: Wed Apr 08 10:37:31 2020
timezone: 中国标准时间
elapsed time: 13 seconds (0d 0h 0m 13s)

