#
# A fatal error has been detected by the Java Runtime Environment:
#
#  EXCEPTION_ACCESS_VIOLATION (0xc0000005) at pc=0x0000000002665132, pid=1556, tid=0x000000000000139c
#
# JRE version: Java(TM) SE Runtime Environment (8.0_211-b12) (build 1.8.0_211-b12)
# Java VM: Java HotSpot(TM) 64-Bit Server VM (25.211-b12 mixed mode windows-amd64 compressed oops)
# Problematic frame:
# j  java.lang.String.valueOf(Ljava/lang/Object;)Ljava/lang/String;+10
#
# Failed to write core dump. Minidumps are not enabled by default on client versions of Windows
#
# If you would like to submit a bug report, please visit:
#   http://bugreport.java.com/bugreport/crash.jsp
#

---------------  T H R E A D  ---------------

Current thread (0x00000000022be800):  JavaThread "main" [_thread_in_Java, id=5020, stack(0x0000000002540000,0x0000000002640000)]

siginfo: ExceptionCode=0xc0000005, reading address 0x0000000080100dca

Registers:
RAX=0x0000000080100c02, RBX=0x0000000000000002, RCX=0x000000001591b970, RDX=0x0000000080000001
RSP=0x000000000263f088, RBP=0x000000000263f0d8, RSI=0x0000000000000012, RDI=0x00000000026480c0
R8 =0x0000000000000004, R9 =0x00000000022f7e00, R10=0x00000000713c76a0, R11=0x000000000234ec90
R12=0x0000000000000000, R13=0x0000000055907072, R14=0x0000000000000000, R15=0x00000000022be800
RIP=0x0000000002665132, EFLAGS=0x0000000000010246

Top of Stack: (sp=0x000000000263f088)
0x000000000263f088:   00000000026480c0 000000001591b970
0x000000000263f098:   000000000263f098 0000000055907072
0x000000000263f0a8:   000000000263f0e8 00000000559aef00
0x000000000263f0b8:   0000000000000000 0000000055907080
0x000000000263f0c8:   0000000000000000 000000000263f0e8
0x000000000263f0d8:   000000000263f138 00000000026480c0
0x000000000263f0e8:   000000001591b970 00000000e08de630
0x000000000263f0f8:   000000000263f0f8 00000000559786d2
0x000000000263f108:   000000000263f150 0000000055a36540
0x000000000263f118:   0000000000000000 00000000559786e0
0x000000000263f128:   000000000263f0e8 000000000263f148
0x000000000263f138:   000000000263f1a0 00000000026480c0
0x000000000263f148:   000000001591b970 00000000e08de630
0x000000000263f158:   00000000e07dd1a8 000000000263f160
0x000000000263f168:   0000000055d02e54 000000000263f1f0
0x000000000263f178:   0000000055d03028 0000000000000000 

Instructions: (pc=0x0000000002665132)
0x0000000002665112:   01 49 83 5e 28 00 e9 0d 00 00 00 49 89 46 10 ba
0x0000000002665122:   01 00 00 00 49 89 56 18 49 83 c6 30 4c 89 75 e0
0x0000000002665132:   48 8b 9c d8 b8 01 00 00 48 8b 55 e0 48 85 d2 0f
0x0000000002665142:   84 27 01 00 00 80 7a d0 0b 0f 85 1d 01 00 00 48 


Register to memory mapping:

RAX=0x0000000080100c02 is an unknown value
RBX=0x0000000000000002 is an unknown value
RCX=0x000000001591b970 is pointing into metadata
RDX=0x0000000080000001 is an unknown value
RSP=0x000000000263f088 is pointing into the stack for thread: 0x00000000022be800
RBP=0x000000000263f0d8 is pointing into the stack for thread: 0x00000000022be800
RSI=0x0000000000000012 is an unknown value
RDI=0x00000000026480c0 is at code_begin+1664 in an Interpreter codelet
invoke return entry points  [0x0000000002647a40, 0x0000000002648420]  2528 bytes
R8 =0x0000000000000004 is an unknown value
R9 =0x00000000022f7e00 is an unknown value
R10=0x00000000713c76a0 is an unknown value
R11=0x000000000234ec90 is an unknown value
R12=0x0000000000000000 is an unknown value
R13=0x0000000055907072 is pointing into metadata
R14=0x0000000000000000 is an unknown value
R15=0x00000000022be800 is a thread


Stack: [0x0000000002540000,0x0000000002640000],  sp=0x000000000263f088,  free space=1020k
Native frames: (J=compiled Java code, j=interpreted, Vv=VM code, C=native code)
C  0x0000000002665132


---------------  P R O C E S S  ---------------

Java Threads: ( => current thread )
  0x000000005786c800 JavaThread "Service Thread" daemon [_thread_blocked, id=1992, stack(0x00000000572a0000,0x00000000573a0000)]
  0x00000000577db000 JavaThread "C1 CompilerThread2" daemon [_thread_blocked, id=3416, stack(0x0000000058190000,0x0000000058290000)]
  0x00000000577d9000 JavaThread "C2 CompilerThread1" daemon [_thread_blocked, id=4992, stack(0x00000000574f0000,0x00000000575f0000)]
  0x00000000577d6000 JavaThread "C2 CompilerThread0" daemon [_thread_blocked, id=4464, stack(0x0000000058010000,0x0000000058110000)]
  0x00000000577b2800 JavaThread "Monitor Ctrl-Break" daemon [_thread_in_native, id=1132, stack(0x0000000057e80000,0x0000000057f80000)]
  0x0000000057789800 JavaThread "Attach Listener" daemon [_thread_blocked, id=4788, stack(0x0000000057d60000,0x0000000057e60000)]
  0x0000000057788800 JavaThread "Signal Dispatcher" daemon [_thread_blocked, id=3440, stack(0x0000000057b90000,0x0000000057c90000)]
  0x00000000562db000 JavaThread "Finalizer" daemon [_thread_blocked, id=3508, stack(0x0000000057680000,0x0000000057780000)]
  0x00000000562d4000 JavaThread "Reference Handler" daemon [_thread_blocked, id=3128, stack(0x00000000573f0000,0x00000000574f0000)]
=>0x00000000022be800 JavaThread "main" [_thread_in_Java, id=5020, stack(0x0000000002540000,0x0000000002640000)]

Other Threads:
  0x000000005628c800 VMThread [stack: 0x00000000571a0000,0x00000000572a0000] [id=4268]
  0x0000000057889000 WatcherThread [stack: 0x0000000058480000,0x0000000058580000] [id=452]

VM state:not at safepoint (normal execution)

VM Mutex/Monitor currently owned by a thread: None

heap address: 0x00000000a1600000, size: 1514 MB, Compressed Oops mode: 32-bit
Narrow klass base: 0x0000000000000000, Narrow klass shift: 0
Compressed class space size: 1073741824 Address: 0x0000000015900000

Heap:
 PSYoungGen      total 28672K, used 2471K [0x00000000e0780000, 0x00000000e2780000, 0x0000000100000000)
  eden space 24576K, 10% used [0x00000000e0780000,0x00000000e09e9d40,0x00000000e1f80000)
  from space 4096K, 0% used [0x00000000e2380000,0x00000000e2380000,0x00000000e2780000)
  to   space 4096K, 0% used [0x00000000e1f80000,0x00000000e1f80000,0x00000000e2380000)
 ParOldGen       total 65536K, used 0K [0x00000000a1600000, 0x00000000a5600000, 0x00000000e0780000)
  object space 65536K, 0% used [0x00000000a1600000,0x00000000a1600000,0x00000000a5600000)
 Metaspace       used 3246K, capacity 4500K, committed 4864K, reserved 1056768K
  class space    used 355K, capacity 388K, committed 512K, reserved 1048576K

Card table byte_map: [0x0000000011a00000,0x0000000011d00000] byte_map_base: 0x00000000114f5000

Marking Bits: (ParMarkBitMap*) 0x00000000713e5ce0
 Begin Bits: [0x00000000126b0000, 0x0000000013e58000)
 End Bits:   [0x0000000013e58000, 0x0000000015600000)

Polling page: 0x0000000001b70000

CodeCache: size=245760Kb used=1133Kb max_used=1133Kb free=244626Kb
 bounds [0x0000000002640000, 0x00000000028b0000, 0x0000000011640000]
 total_blobs=294 nmethods=37 adapters=171
 compilation: enabled

Compilation events (10 events):
Event: 0.323 Thread 0x00000000577db000 nmethod 30 0x0000000002759790 code [0x0000000002759940, 0x000000000275a058]
Event: 0.323 Thread 0x00000000577db000   32       3       java.util.concurrent.ConcurrentHashMap::tabAt (21 bytes)
Event: 0.323 Thread 0x00000000577db000 nmethod 32 0x0000000002757610 code [0x0000000002757760, 0x0000000002757990]
Event: 0.324 Thread 0x00000000577db000   35       3       java.util.HashMap::getNode (148 bytes)
Event: 0.325 Thread 0x00000000577db000 nmethod 35 0x000000000275a410 code [0x000000000275a5e0, 0x000000000275af68]
Event: 0.325 Thread 0x00000000577db000   34       3       java.util.HashMap::hash (20 bytes)
Event: 0.325 Thread 0x00000000577db000 nmethod 34 0x0000000002758d10 code [0x0000000002758e80, 0x00000000027590c8]
Event: 0.325 Thread 0x00000000577db000   36       3       java.lang.String::indexOf (7 bytes)
Event: 0.326 Thread 0x00000000577db000 nmethod 36 0x000000000275b250 code [0x000000000275b3c0, 0x000000000275b5c8]
Event: 0.326 Thread 0x00000000577db000   37       3       java.lang.StringBuilder::append (8 bytes)

GC Heap History (0 events):
No events

Deoptimization events (0 events):
No events

Classes redefined (0 events):
No events

Internal exceptions (2 events):
Event: 0.072 Thread 0x00000000022be800 Exception <a 'java/lang/NoSuchMethodError': Method sun.misc.Unsafe.defineClass(Ljava/lang/String;[BII)Ljava/lang/Class; name or signature does not match> (0x00000000e0787cb0) thrown at [C:\re\workspace\8-2-build-windows-amd64-cygwin\jdk8u211\12973\hotspot
Event: 0.072 Thread 0x00000000022be800 Exception <a 'java/lang/NoSuchMethodError': Method sun.misc.Unsafe.prefetchRead(Ljava/lang/Object;J)V name or signature does not match> (0x00000000e0787f98) thrown at [C:\re\workspace\8-2-build-windows-amd64-cygwin\jdk8u211\12973\hotspot\src\share\vm\prim

Events (10 events):
Event: 0.324 loading class sun/reflect/UnsafeQualifiedStaticObjectFieldAccessorImpl done
Event: 0.324 loading class java/util/HashMap$EntrySet
Event: 0.325 loading class java/util/HashMap$EntrySet done
Event: 0.325 loading class java/util/HashMap$EntryIterator
Event: 0.325 loading class java/util/HashMap$HashIterator
Event: 0.325 loading class java/util/HashMap$HashIterator done
Event: 0.325 loading class java/net/URI$Parser
Event: 0.325 loading class java/util/HashMap$EntryIterator done
Event: 0.325 loading class java/net/URI$Parser done
Event: 0.326 loading class sun/net/spi/DefaultProxySelector$NonProxyInfo


Dynamic libraries:
0x000000013f390000 - 0x000000013f3c7000 	C:\Program Files\Java\jdk1.8.0_211\bin\java.exe
0x0000000077950000 - 0x0000000077aef000 	C:\Windows\SYSTEM32\ntdll.dll
0x0000000077830000 - 0x000000007794f000 	C:\Windows\system32\kernel32.dll
0x000007fefd570000 - 0x000007fefd5d7000 	C:\Windows\system32\KERNELBASE.dll
0x000007feff520000 - 0x000007feff5fb000 	C:\Windows\system32\ADVAPI32.DLL
0x000007feff030000 - 0x000007feff0cf000 	C:\Windows\system32\msvcrt.dll
0x000007feff3b0000 - 0x000007feff3cf000 	C:\Windows\SYSTEM32\sechost.dll
0x000007feff600000 - 0x000007feff72c000 	C:\Windows\system32\RPCRT4.dll
0x0000000077730000 - 0x000000007782a000 	C:\Windows\system32\USER32.dll
0x000007feff0d0000 - 0x000007feff137000 	C:\Windows\system32\GDI32.dll
0x000007feffb10000 - 0x000007feffb1e000 	C:\Windows\system32\LPK.dll
0x000007fefeee0000 - 0x000007fefefab000 	C:\Windows\system32\USP10.dll
0x000007fefbac0000 - 0x000007fefbcb5000 	C:\Windows\WinSxS\amd64_microsoft.windows.common-controls_6595b64144ccf1df_6.0.7601.24460_none_e3711c5330fd38b4\COMCTL32.dll
0x000007feffbc0000 - 0x000007feffc31000 	C:\Windows\system32\SHLWAPI.dll
0x000007feff4f0000 - 0x000007feff51e000 	C:\Windows\system32\IMM32.DLL
0x000007feff3d0000 - 0x000007feff4d9000 	C:\Windows\system32\MSCTF.dll
0x00000000750f0000 - 0x00000000751c2000 	C:\Program Files\Java\jdk1.8.0_211\jre\bin\msvcr100.dll
0x0000000070bc0000 - 0x0000000071465000 	C:\Program Files\Java\jdk1.8.0_211\jre\bin\server\jvm.dll
0x000007fef50e0000 - 0x000007fef50e9000 	C:\Windows\system32\WSOCK32.dll
0x000007fefde30000 - 0x000007fefde7d000 	C:\Windows\system32\WS2_32.dll
0x000007feff4e0000 - 0x000007feff4e8000 	C:\Windows\system32\NSI.dll
0x000007fefac40000 - 0x000007fefac7b000 	C:\Windows\system32\WINMM.dll
0x000007fefc550000 - 0x000007fefc55c000 	C:\Windows\system32\VERSION.dll
0x0000000077af0000 - 0x0000000077af7000 	C:\Windows\system32\PSAPI.DLL
0x000007fef8310000 - 0x000007fef831f000 	C:\Program Files\Java\jdk1.8.0_211\jre\bin\verify.dll
0x000007fef53c0000 - 0x000007fef53e9000 	C:\Program Files\Java\jdk1.8.0_211\jre\bin\java.dll
0x000007fef0f40000 - 0x000007fef0f63000 	C:\Program Files\Java\jdk1.8.0_211\jre\bin\instrument.dll
0x000007fef2cb0000 - 0x000007fef2cc6000 	C:\Program Files\Java\jdk1.8.0_211\jre\bin\zip.dll
0x000007fefde80000 - 0x000007fefec0b000 	C:\Windows\system32\SHELL32.dll
0x000007feff910000 - 0x000007feffb0f000 	C:\Windows\system32\ole32.dll
0x000007fefd4b0000 - 0x000007fefd4bf000 	C:\Windows\system32\profapi.dll
0x000007fef26b0000 - 0x000007fef26ca000 	D:\ideas\IntelliJ IDEA 2019.3.4\bin\breakgen64.dll
0x000007fef2cd0000 - 0x000007fef2cea000 	C:\Program Files\Java\jdk1.8.0_211\jre\bin\net.dll
0x000007feff220000 - 0x000007feff3a8000 	C:\Windows\system32\urlmon.dll
0x000007fefd500000 - 0x000007fefd504000 	C:\Windows\system32\api-ms-win-downlevel-ole32-l1-1-0.dll
0x000007fefd520000 - 0x000007fefd524000 	C:\Windows\system32\api-ms-win-downlevel-shlwapi-l1-1-0.dll
0x000007fefd6c0000 - 0x000007fefd6c5000 	C:\Windows\system32\api-ms-win-downlevel-advapi32-l1-1-0.dll
0x000007fefd6e0000 - 0x000007fefd6e4000 	C:\Windows\system32\api-ms-win-downlevel-user32-l1-1-0.dll
0x000007fefd510000 - 0x000007fefd514000 	C:\Windows\system32\api-ms-win-downlevel-version-l1-1-0.dll
0x000007fefd6d0000 - 0x000007fefd6d3000 	C:\Windows\system32\api-ms-win-downlevel-normaliz-l1-1-0.dll
0x0000000077b00000 - 0x0000000077b03000 	C:\Windows\system32\normaliz.DLL
0x000007fefec10000 - 0x000007fefeeda000 	C:\Windows\system32\iertutil.dll
0x000007fefd860000 - 0x000007fefdd0c000 	C:\Windows\system32\WININET.dll
0x000007fefd530000 - 0x000007fefd54f000 	C:\Windows\system32\USERENV.dll
0x000007fefcb40000 - 0x000007fefcb95000 	C:\Windows\system32\mswsock.dll
0x000007fefcb30000 - 0x000007fefcb37000 	C:\Windows\System32\wship6.dll
0x000007fef7810000 - 0x000007fef7935000 	C:\Windows\system32\dbghelp.dll

VM Arguments:
jvm_args: -javaagent:D:\ideas\IntelliJ IDEA 2019.3.4\lib\idea_rt.jar=50438:D:\ideas\IntelliJ IDEA 2019.3.4\bin -Dfile.encoding=UTF-8 
java_command: com.company.thread1.Demo3
java_class_path (initial): C:\Program Files\Java\jdk1.8.0_211\jre\lib\charsets.jar;C:\Program Files\Java\jdk1.8.0_211\jre\lib\deploy.jar;C:\Program Files\Java\jdk1.8.0_211\jre\lib\ext\access-bridge-64.jar;C:\Program Files\Java\jdk1.8.0_211\jre\lib\ext\cldrdata.jar;C:\Program Files\Java\jdk1.8.0_211\jre\lib\ext\dnsns.jar;C:\Program Files\Java\jdk1.8.0_211\jre\lib\ext\jaccess.jar;C:\Program Files\Java\jdk1.8.0_211\jre\lib\ext\jfxrt.jar;C:\Program Files\Java\jdk1.8.0_211\jre\lib\ext\localedata.jar;C:\Program Files\Java\jdk1.8.0_211\jre\lib\ext\nashorn.jar;C:\Program Files\Java\jdk1.8.0_211\jre\lib\ext\sunec.jar;C:\Program Files\Java\jdk1.8.0_211\jre\lib\ext\sunjce_provider.jar;C:\Program Files\Java\jdk1.8.0_211\jre\lib\ext\sunmscapi.jar;C:\Program Files\Java\jdk1.8.0_211\jre\lib\ext\sunpkcs11.jar;C:\Program Files\Java\jdk1.8.0_211\jre\lib\ext\zipfs.jar;C:\Program Files\Java\jdk1.8.0_211\jre\lib\javaws.jar;C:\Program Files\Java\jdk1.8.0_211\jre\lib\jce.jar;C:\Program Files\Java\jdk1.8.0_211\jre\lib\jfr.jar;C:\Program Files\Java\jdk1.8.0_211\jre\lib\jfxswt.jar;C:\Program Files\Java\jdk1.8.0_211\jre\lib\jsse.jar;C:\Program Files\Java\jdk1.8.0_211\jre\lib\management-agent.jar;C:\Program Files\Java\jdk1.8.0_211\jre\lib\plugin.jar;C:\Program Files\Java\jdk1.8.0_211\jre\lib\resources.jar;C:\Program Files\Java\jdk1.8.0_211\jre\lib\rt.jar;D:\java基础复习\java-thread\out\production\java-thread;D:\ideas\IntelliJ IDEA 2019.3.4\lib\idea_rt.jar
Launcher Type: SUN_STANDARD

Environment Variables:
JAVA_HOME=C:\Program Files\Java\jdk1.8.0_211
PATH=C:\Program Files (x86)\AMD APP\bin\x86_64;C:\Program Files (x86)\AMD APP\bin\x86;C:\Program Files (x86)\Common Files\Oracle\Java\javapath;C:\Windows\system32;C:\Windows;C:\Windows\System32\Wbem;C:\Windows\System32\WindowsPowerShell\v1.0\;C:\Program Files\Java\jdk1.8.0_211\bin;C:\Program Files\Git\cmd;C:\Program Files\MySQL\MySQL Server 5.7\bin;D:\APP\gradle-4.6\bin;
USERNAME=Administrator
OS=Windows_NT
PROCESSOR_IDENTIFIER=Intel64 Family 6 Model 42 Stepping 7, GenuineIntel



---------------  S Y S T E M  ---------------

OS: Windows 7 , 64 bit Build 7601 (6.1.7601.24524)

CPU:total 4 (initial active 4) (2 cores per cpu, 2 threads per core) family 6 model 42 stepping 7, cmov, cx8, fxsr, mmx, sse, sse2, sse3, ssse3, sse4.1, sse4.2, popcnt, avx, clmul, ht, tsc, tscinvbit

Memory: 4k page, physical 6200560k(2490592k free), swap 12399220k(8327552k free)

vm_info: Java HotSpot(TM) 64-Bit Server VM (25.211-b12) for windows-amd64 JRE (1.8.0_211-b12), built on Apr  1 2019 20:53:26 by "java_re" with MS VC++ 10.0 (VS2010)

time: Wed Apr 08 11:18:07 2020
timezone: 中国标准时间
elapsed time: 0 seconds (0d 0h 0m 0s)

